2021-02-02 14:17:45,315 INFO scheduler synchronise_all_schemas Creating ancient-link-298622.ancient_link.all_datatypes_v1... synchronised_status=True.
2021-02-02 14:17:46,402 INFO scheduler synchronise_all_schemas Creating ancient-link-298622.ancient_link.nested_and_repeated_v1... synchronised_status=True.
2021-02-02 14:17:47,437 INFO scheduler synchronise_all_schemas Creating ancient-link-298622.ancient_link.simple_v1... synchronised_status=True.
2021-02-02 14:18:14,613 INFO scheduler synchronise_all_schemas Doing nothing. ancient-link-298622.ancient_link.all_datatypes_v1 has already been created and has identical schema.
2021-02-02 14:20:17,070 INFO Doing nothing. `ancient-link-298622.ancient_link.all_datatypes_v1` has already been created and has identical schema.
2021-02-02 14:20:19,337 INFO Doing nothing. `ancient-link-298622.ancient_link.nested_and_repeated_v1` has already been created and has identical schema.
2021-02-02 14:20:20,048 INFO Doing nothing. `ancient-link-298622.ancient_link.simple_v1` has already been created and has identical schema.
2021-02-02 14:20:41,075 INFO Doing nothing. `ancient-link-298622.ancient_link.all_datatypes_v1` has already been created and has identical schema.
2021-02-02 14:20:42,099 INFO Doing nothing. `ancient-link-298622.ancient_link.nested_and_repeated_v1` has already been created and has identical schema.
2021-02-02 14:20:43,068 INFO Doing nothing. `ancient-link-298622.ancient_link.simple_v1` has already been created and has identical schema.
2021-02-02 14:21:04,220 INFO Doing nothing. `ancient-link-298622.ancient_link.all_datatypes_v1` has already been created and has identical schema.
2021-02-02 14:21:04,877 INFO Doing nothing. `ancient-link-298622.ancient_link.nested_and_repeated_v1` has already been created and has identical schema.
2021-02-02 14:21:05,503 INFO Doing nothing. `ancient-link-298622.ancient_link.simple_v1` has already been created and has identical schema.
2021-02-02 14:21:26,175 INFO Doing nothing. `ancient-link-298622.ancient_link.all_datatypes_v1` has already been created and has identical schema.
2021-02-02 14:21:26,885 INFO Doing nothing. `ancient-link-298622.ancient_link.nested_and_repeated_v1` has already been created and has identical schema.
2021-02-02 14:21:27,612 INFO Doing nothing. `ancient-link-298622.ancient_link.simple_v1` has already been created and has identical schema.
2021-02-02 14:21:48,304 INFO Doing nothing. `ancient-link-298622.ancient_link.all_datatypes_v1` has already been created and has identical schema.
2021-02-02 14:21:48,858 INFO Doing nothing. `ancient-link-298622.ancient_link.nested_and_repeated_v1` has already been created and has identical schema.
2021-02-02 14:21:49,530 INFO Doing nothing. `ancient-link-298622.ancient_link.simple_v1` has already been created and has identical schema.
2021-02-02 14:22:10,143 INFO Doing nothing. `ancient-link-298622.ancient_link.all_datatypes_v1` has already been created and has identical schema.
2021-02-02 14:22:10,739 INFO Doing nothing. `ancient-link-298622.ancient_link.nested_and_repeated_v1` has already been created and has identical schema.
2021-02-02 14:22:11,344 INFO Doing nothing. `ancient-link-298622.ancient_link.simple_v1` has already been created and has identical schema.
2021-02-02 14:22:31,920 INFO Doing nothing. `ancient-link-298622.ancient_link.all_datatypes_v1` has already been created and has identical schema.
2021-02-02 14:22:32,430 INFO Doing nothing. `ancient-link-298622.ancient_link.nested_and_repeated_v1` has already been created and has identical schema.
2021-02-02 14:22:33,028 INFO Doing nothing. `ancient-link-298622.ancient_link.simple_v1` has already been created and has identical schema.
2021-02-02 14:32:01,475 INFO Doing nothing. Table `ancient-link-298622.ancient_link.all_datatypes_v1` has already been created and has identical schema.
2021-02-02 14:32:02,348 INFO Doing nothing. Table `ancient-link-298622.ancient_link.nested_and_repeated_v1` has already been created and has identical schema.
2021-02-02 14:32:04,340 INFO Doing nothing. Table `ancient-link-298622.ancient_link.simple_v1` has already been created and has identical schema.
2021-02-02 14:32:15,285 INFO Doing nothing. Table `ancient-link-298622.ancient_link.all_datatypes_v1` has already been created and has identical schema.
2021-02-02 14:32:15,897 INFO Doing nothing. Table `ancient-link-298622.ancient_link.nested_and_repeated_v1` has already been created and has identical schema.
2021-02-02 14:32:16,522 INFO Doing nothing. Table `ancient-link-298622.ancient_link.simple_v1` has already been created and has identical schema.
2021-02-02 14:32:27,475 INFO Doing nothing. Table `ancient-link-298622.ancient_link.all_datatypes_v1` has already been created and has identical schema.
2021-02-02 14:32:28,089 INFO Doing nothing. Table `ancient-link-298622.ancient_link.nested_and_repeated_v1` has already been created and has identical schema.
2021-02-02 14:32:28,585 INFO Doing nothing. Table `ancient-link-298622.ancient_link.simple_v1` has already been created and has identical schema.
